TN:
SF:__wds-outside-root__/2/lib/core/src/index.ts
FNF:0
FNH:0
DA:1,2
DA:2,2
LF:2
LH:2
BRF:0
BRH:0
end_of_record
TN:
SF:__wds-outside-root__/2/lib/core/src/oscd-component.styles.ts
FNF:0
FNH:0
DA:1,2
DA:2,2
DA:3,2
DA:4,2
DA:5,2
DA:6,2
DA:7,2
DA:8,2
DA:9,2
DA:10,2
DA:11,2
DA:12,2
DA:13,2
DA:14,2
DA:15,2
DA:16,2
DA:17,2
LF:17
LH:17
BRF:0
BRH:0
end_of_record
TN:
SF:__wds-outside-root__/2/lib/core/src/oscd-component.ts
FN:6,OscdComponent
FN:12,get slotNames
FNF:2
FNH:2
FNDA:3,OscdComponent
FNDA:3,get slotNames
DA:1,2
DA:2,2
DA:3,2
DA:4,2
DA:5,2
DA:6,3
DA:7,3
DA:8,3
DA:9,3
DA:10,3
DA:11,3
DA:12,3
DA:13,3
DA:14,3
DA:15,3
LF:15
LH:15
BRDA:6,0,0,3
BRDA:12,1,0,3
BRF:2
BRH:2
end_of_record
TN:
SF:__wds-outside-root__/2/lib/core/src/slot-controller.ts
FN:8,SlotController
FN:59,SlotController.handleSlotChange
FN:13,hasDefaultSlot
FN:38,hasNamedSlot
FN:42,test
FN:48,hostConnected
FN:52,hostDisconnected
FNF:7
FNH:3
FNDA:3,SlotController
FNDA:0,SlotController.handleSlotChange
FNDA:0,hasDefaultSlot
FNDA:0,hasNamedSlot
FNDA:0,test
FNDA:4,hostConnected
FNDA:4,hostDisconnected
DA:1,2
DA:2,2
DA:3,2
DA:4,2
DA:5,2
DA:6,2
DA:7,2
DA:8,2
DA:9,3
DA:10,3
DA:11,3
DA:12,2
DA:13,2
DA:14,0
DA:15,0
DA:16,0
DA:17,0
DA:18,0
DA:19,0
DA:20,0
DA:21,0
DA:22,0
DA:23,0
DA:24,0
DA:25,0
DA:26,0
DA:27,0
DA:28,0
DA:29,0
DA:30,0
DA:31,0
DA:32,0
DA:33,0
DA:34,0
DA:35,0
DA:36,0
DA:37,2
DA:38,2
DA:39,0
DA:40,0
DA:41,2
DA:42,2
DA:43,0
DA:44,0
DA:45,0
DA:46,0
DA:47,2
DA:48,2
DA:49,4
DA:50,4
DA:51,2
DA:52,2
DA:53,4
DA:54,4
DA:55,4
DA:56,4
DA:57,4
DA:58,2
DA:59,2
DA:60,0
DA:61,0
DA:62,0
DA:63,0
DA:64,0
DA:65,0
DA:66,0
DA:67,0
DA:68,2
DA:69,2
LF:69
LH:32
BRDA:8,0,0,3
BRDA:48,1,0,4
BRDA:52,2,0,4
BRF:3
BRH:3
end_of_record
TN:
SF:src/oscd-textfield.styles.ts
FNF:0
FNH:0
DA:1,2
DA:2,2
DA:3,2
DA:4,2
DA:5,2
DA:6,2
DA:7,2
DA:8,2
DA:9,2
DA:10,2
DA:11,2
DA:12,2
DA:13,2
DA:14,2
DA:15,2
DA:16,2
DA:17,2
DA:18,2
DA:19,2
DA:20,2
DA:21,2
DA:22,2
DA:23,2
DA:24,2
DA:25,2
DA:26,2
DA:27,2
DA:28,2
DA:29,2
DA:30,2
DA:31,2
DA:32,2
DA:33,2
DA:34,2
DA:35,2
DA:36,2
DA:37,2
LF:37
LH:37
BRF:0
BRH:0
end_of_record
TN:
SF:src/oscd-textfield.ts
FN:36,get scopedElements
FN:62,get multiplier
FN:69,set multiplier
FN:93,get null
FN:100,set null
FN:111,get maybeValue
FN:115,set maybeValue
FN:175,set value
FN:183,get value
FN:298,selectMultiplier
FN:305,enable
FN:316,disable
FN:328,firstUpdated
FN:342,checkValidity
FN:358,OscdTextfield
FN:363,renderUnitSelector
FN:370,_a
FN:382,renderMulplierList
FN:391,renderSwitch
FN:407,renderTextfield
FN:423,render
FNF:21
FNH:12
FNDA:3,get scopedElements
FNDA:0,get multiplier
FNDA:0,set multiplier
FNDA:3,get null
FNDA:0,set null
FNDA:3,get maybeValue
FNDA:0,set maybeValue
FNDA:3,set value
FNDA:11,get value
FNDA:0,selectMultiplier
FNDA:0,enable
FNDA:2,disable
FNDA:3,firstUpdated
FNDA:0,checkValidity
FNDA:3,OscdTextfield
FNDA:6,renderUnitSelector
FNDA:0,_a
FNDA:0,renderMulplierList
FNDA:6,renderSwitch
FNDA:6,renderTextfield
FNDA:6,render
DA:1,2
DA:2,2
DA:3,2
DA:4,2
DA:5,2
DA:6,2
DA:7,2
DA:8,2
DA:9,2
DA:10,2
DA:11,2
DA:12,2
DA:13,2
DA:14,2
DA:15,2
DA:16,2
DA:17,2
DA:18,2
DA:19,2
DA:20,2
DA:21,2
DA:22,2
DA:23,2
DA:24,2
DA:25,2
DA:26,2
DA:27,2
DA:28,2
DA:29,2
DA:30,2
DA:31,2
DA:32,2
DA:33,2
DA:34,2
DA:35,2
DA:36,2
DA:37,3
DA:38,3
DA:39,2
DA:40,2
DA:41,2
DA:42,2
DA:43,2
DA:44,2
DA:45,2
DA:46,2
DA:47,2
DA:48,2
DA:49,2
DA:50,2
DA:51,2
DA:52,2
DA:53,2
DA:54,2
DA:55,2
DA:56,2
DA:57,2
DA:58,2
DA:59,2
DA:60,2
DA:61,2
DA:62,2
DA:63,0
DA:64,0
DA:65,0
DA:66,0
DA:67,0
DA:68,2
DA:69,2
DA:70,0
DA:71,0
DA:72,0
DA:73,0
DA:74,2
DA:75,2
DA:76,2
DA:77,2
DA:78,2
DA:79,2
DA:80,2
DA:81,2
DA:82,2
DA:83,2
DA:84,2
DA:85,2
DA:86,2
DA:87,2
DA:88,2
DA:89,2
DA:90,2
DA:91,2
DA:92,2
DA:93,2
DA:94,3
DA:95,3
DA:96,2
DA:97,2
DA:98,2
DA:99,2
DA:100,2
DA:101,0
DA:102,0
DA:103,0
DA:104,0
DA:105,0
DA:106,0
DA:107,0
DA:108,0
DA:109,2
DA:110,2
DA:111,2
DA:112,3
DA:113,3
DA:114,2
DA:115,2
DA:116,0
DA:117,0
DA:118,0
DA:119,0
DA:120,0
DA:121,0
DA:122,0
DA:123,0
DA:124,0
DA:125,0
DA:126,0
DA:127,2
DA:128,2
DA:129,2
DA:130,2
DA:131,2
DA:132,2
DA:133,2
DA:134,2
DA:135,2
DA:136,2
DA:137,2
DA:138,2
DA:139,2
DA:140,2
DA:141,2
DA:142,2
DA:143,2
DA:144,2
DA:145,2
DA:146,2
DA:147,2
DA:148,2
DA:149,2
DA:150,2
DA:151,2
DA:152,2
DA:153,2
DA:154,2
DA:155,2
DA:156,2
DA:157,2
DA:158,2
DA:159,2
DA:160,2
DA:161,2
DA:162,2
DA:163,2
DA:164,2
DA:165,2
DA:166,2
DA:167,2
DA:168,2
DA:169,2
DA:170,2
DA:171,2
DA:172,2
DA:173,2
DA:174,2
DA:175,2
DA:176,3
DA:177,3
DA:178,3
DA:179,2
DA:180,2
DA:181,3
DA:182,2
DA:183,2
DA:184,11
DA:185,11
DA:186,2
DA:187,2
DA:188,2
DA:189,2
DA:190,2
DA:191,2
DA:192,2
DA:193,2
DA:194,2
DA:195,2
DA:196,2
DA:197,2
DA:198,2
DA:199,2
DA:200,2
DA:201,2
DA:202,2
DA:203,2
DA:204,2
DA:205,2
DA:206,2
DA:207,2
DA:208,2
DA:209,2
DA:210,2
DA:211,2
DA:212,2
DA:213,2
DA:214,2
DA:215,2
DA:216,2
DA:217,2
DA:218,2
DA:219,2
DA:220,2
DA:221,2
DA:222,2
DA:223,2
DA:224,2
DA:225,2
DA:226,2
DA:227,2
DA:228,2
DA:229,2
DA:230,2
DA:231,2
DA:232,2
DA:233,2
DA:234,2
DA:235,2
DA:236,2
DA:237,2
DA:238,2
DA:239,2
DA:240,2
DA:241,2
DA:242,2
DA:243,2
DA:244,2
DA:245,2
DA:246,2
DA:247,2
DA:248,2
DA:249,2
DA:250,2
DA:251,2
DA:252,2
DA:253,2
DA:254,2
DA:255,2
DA:256,2
DA:257,2
DA:258,2
DA:259,2
DA:260,2
DA:261,2
DA:262,2
DA:263,2
DA:264,2
DA:265,2
DA:266,2
DA:267,2
DA:268,2
DA:269,2
DA:270,2
DA:271,2
DA:272,2
DA:273,2
DA:274,2
DA:275,2
DA:276,2
DA:277,2
DA:278,2
DA:279,2
DA:280,2
DA:281,2
DA:282,2
DA:283,2
DA:284,2
DA:285,2
DA:286,2
DA:287,2
DA:288,2
DA:289,2
DA:290,2
DA:291,2
DA:292,2
DA:293,2
DA:294,2
DA:295,2
DA:296,2
DA:297,2
DA:298,2
DA:299,0
DA:300,0
DA:301,2
DA:302,2
DA:303,2
DA:304,2
DA:305,2
DA:306,0
DA:307,0
DA:308,0
DA:309,0
DA:310,0
DA:311,0
DA:312,2
DA:313,2
DA:314,2
DA:315,2
DA:316,2
DA:317,2
DA:318,2
DA:319,2
DA:320,2
DA:321,2
DA:322,2
DA:323,2
DA:324,2
DA:325,2
DA:326,2
DA:327,2
DA:328,2
DA:329,3
DA:330,3
DA:331,3
DA:332,3
DA:333,3
DA:334,3
DA:335,3
DA:336,3
DA:337,3
DA:338,2
DA:339,2
DA:340,3
DA:341,2
DA:342,2
DA:343,0
DA:344,0
DA:345,0
DA:346,0
DA:347,0
DA:348,0
DA:349,0
DA:350,0
DA:351,0
DA:352,0
DA:353,0
DA:354,2
DA:355,2
DA:356,2
DA:357,2
DA:358,2
DA:359,3
DA:360,3
DA:361,3
DA:362,2
DA:363,2
DA:364,6
DA:365,6
DA:366,0
DA:367,0
DA:368,0
DA:369,0
DA:370,0
DA:371,0
DA:372,0
DA:373,0
DA:374,0
DA:375,0
DA:376,0
DA:377,0
DA:378,0
DA:379,6
DA:380,6
DA:381,2
DA:382,2
DA:383,0
DA:384,0
DA:385,0
DA:386,0
DA:387,0
DA:388,0
DA:389,0
DA:390,2
DA:391,2
DA:392,6
DA:393,0
DA:394,0
DA:395,0
DA:396,0
DA:397,0
DA:398,0
DA:399,0
DA:400,0
DA:401,6
DA:402,6
DA:403,2
DA:404,2
DA:405,2
DA:406,2
DA:407,2
DA:408,6
DA:409,6
DA:410,6
DA:411,6
DA:412,6
DA:413,6
DA:414,6
DA:415,6
DA:416,6
DA:417,6
DA:418,6
DA:419,6
DA:420,6
DA:421,6
DA:422,2
DA:423,2
DA:424,6
DA:425,6
DA:426,6
DA:427,6
DA:428,6
DA:429,6
DA:430,6
DA:431,6
DA:432,6
DA:433,2
LF:433
LH:358
BRDA:36,0,0,3
BRDA:93,1,0,3
BRDA:94,2,0,0
BRDA:111,3,0,3
BRDA:112,4,0,0
BRDA:175,5,0,3
BRDA:183,6,0,11
BRDA:184,7,0,8
BRDA:184,8,0,3
BRDA:316,9,0,2
BRDA:317,10,0,0
BRDA:328,11,0,3
BRDA:334,12,0,0
BRDA:358,13,0,3
BRDA:363,14,0,6
BRDA:365,15,0,0
BRDA:391,16,0,6
BRDA:392,17,0,0
BRDA:407,18,0,6
BRDA:423,19,0,6
BRDA:178,20,0,3
BRDA:337,21,0,3
BRF:22
BRH:16
end_of_record
